# JRE version: Java(TM) SE Runtime Environment (8.0_91-b14) (build 1.8.0_91-b14)
# Java VM: Java HotSpot(TM) 64-Bit Server VM (25.91-b14 mixed mode linux-amd64 compressed oops)
Heap:
 PSYoungGen      total 610304K, used 370688K [0x000000076cc00000, 0x00000007b0380000, 0x00000007c0000000)
  eden space 239616K, 0% used [0x000000076cc00000,0x000000076cc00000,0x000000077b600000)
  from space 370688K, 100% used [0x0000000799980000,0x00000007b0380000,0x00000007b0380000)
  to   space 233984K, 0% used [0x000000077b600000,0x000000077b600000,0x0000000789a80000)
 ParOldGen       total 1079808K, used 860344K [0x00000006c6400000, 0x0000000708280000, 0x000000076cc00000)
  object space 1079808K, 79% used [0x00000006c6400000,0x00000006fac2e108,0x0000000708280000)
 Metaspace       used 2982K, capacity 4564K, committed 4864K, reserved 1056768K
  class space    used 327K, capacity 388K, committed 512K, reserved 1048576K
GC Heap History (10 events):
Event: 21.136 GC heap after
Heap after GC invocations=6 (full 2):
 PSYoungGen      total 188416K, used 10240K [0x000000076cc00000, 0x0000000779a00000, 0x00000007c0000000)
  eden space 178176K, 0% used [0x000000076cc00000,0x000000076cc00000,0x0000000777a00000)
  from space 10240K, 100% used [0x0000000779000000,0x0000000779a00000,0x0000000779a00000)
  to   space 10240K, 0% used [0x0000000778600000,0x0000000778600000,0x0000000779000000)
 ParOldGen       total 589312K, used 371859K [0x00000006c6400000, 0x00000006ea380000, 0x000000076cc00000)
  object space 589312K, 63% used [0x00000006c6400000,0x00000006dcf24cf8,0x00000006ea380000)
 Metaspace       used 2982K, capacity 4564K, committed 4864K, reserved 1056768K
  class space    used 327K, capacity 388K, committed 512K, reserved 1048576K
}
Event: 21.297 GC heap before
{Heap before GC invocations=7 (full 2):
 PSYoungGen      total 188416K, used 188416K [0x000000076cc00000, 0x0000000779a00000, 0x00000007c0000000)
  eden space 178176K, 100% used [0x000000076cc00000,0x0000000777a00000,0x0000000777a00000)
  from space 10240K, 100% used [0x0000000779000000,0x0000000779a00000,0x0000000779a00000)
  to   space 10240K, 0% used [0x0000000778600000,0x0000000778600000,0x0000000779000000)
 ParOldGen       total 589312K, used 371859K [0x00000006c6400000, 0x00000006ea380000, 0x000000076cc00000)
  object space 589312K, 63% used [0x00000006c6400000,0x00000006dcf24cf8,0x00000006ea380000)
 Metaspace       used 2982K, capacity 4564K, committed 4864K, reserved 1056768K
  class space    used 327K, capacity 388K, committed 512K, reserved 1048576K
Event: 22.257 GC heap after
Heap after GC invocations=7 (full 2):
 PSYoungGen      total 200704K, used 10240K [0x000000076cc00000, 0x0000000796400000, 0x00000007c0000000)
  eden space 190464K, 0% used [0x000000076cc00000,0x000000076cc00000,0x0000000778600000)
  from space 10240K, 100% used [0x0000000778600000,0x0000000779000000,0x0000000779000000)
  to   space 206336K, 0% used [0x0000000789a80000,0x0000000789a80000,0x0000000796400000)
 ParOldGen       total 589312K, used 550747K [0x00000006c6400000, 0x00000006ea380000, 0x000000076cc00000)
  object space 589312K, 93% used [0x00000006c6400000,0x00000006e7dd6cf8,0x00000006ea380000)
 Metaspace       used 2982K, capacity 4564K, committed 4864K, reserved 1056768K
  class space    used 327K, capacity 388K, committed 512K, reserved 1048576K
}
Event: 22.257 GC heap before
{Heap before GC invocations=8 (full 3):
 PSYoungGen      total 200704K, used 10240K [0x000000076cc00000, 0x0000000796400000, 0x00000007c0000000)
  eden space 190464K, 0% used [0x000000076cc00000,0x000000076cc00000,0x0000000778600000)
  from space 10240K, 100% used [0x0000000778600000,0x0000000779000000,0x0000000779000000)
  to   space 206336K, 0% used [0x0000000789a80000,0x0000000789a80000,0x0000000796400000)
 ParOldGen       total 589312K, used 550747K [0x00000006c6400000, 0x00000006ea380000, 0x000000076cc00000)
  object space 589312K, 93% used [0x00000006c6400000,0x00000006e7dd6cf8,0x00000006ea380000)
 Metaspace       used 2982K, capacity 4564K, committed 4864K, reserved 1056768K
  class space    used 327K, capacity 388K, committed 512K, reserved 1048576K
Event: 37.441 GC heap after
Heap after GC invocations=8 (full 3):
 PSYoungGen      total 200704K, used 0K [0x000000076cc00000, 0x0000000796400000, 0x00000007c0000000)
  eden space 190464K, 0% used [0x000000076cc00000,0x000000076cc00000,0x0000000778600000)
  from space 10240K, 0% used [0x0000000778600000,0x0000000778600000,0x0000000779000000)
  to   space 206336K, 0% used [0x0000000789a80000,0x0000000789a80000,0x0000000796400000)
 ParOldGen       total 1079808K, used 559776K [0x00000006c6400000, 0x0000000708280000, 0x000000076cc00000)
  object space 1079808K, 51% used [0x00000006c6400000,0x00000006e86a8108,0x0000000708280000)
 Metaspace       used 2982K, capacity 4564K, committed 4864K, reserved 1056768K
  class space    used 327K, capacity 388K, committed 512K, reserved 1048576K
}
Event: 37.607 GC heap before
{Heap before GC invocations=9 (full 3):
 PSYoungGen      total 200704K, used 190464K [0x000000076cc00000, 0x0000000796400000, 0x00000007c0000000)
  eden space 190464K, 100% used [0x000000076cc00000,0x0000000778600000,0x0000000778600000)
  from space 10240K, 0% used [0x0000000778600000,0x0000000778600000,0x0000000779000000)
  to   space 206336K, 0% used [0x0000000789a80000,0x0000000789a80000,0x0000000796400000)
 ParOldGen       total 1079808K, used 559776K [0x00000006c6400000, 0x0000000708280000, 0x000000076cc00000)
  object space 1079808K, 51% used [0x00000006c6400000,0x00000006e86a8108,0x0000000708280000)
 Metaspace       used 2982K, capacity 4564K, committed 4864K, reserved 1056768K
  class space    used 327K, capacity 388K, committed 512K, reserved 1048576K
Event: 38.424 GC heap after
Heap after GC invocations=9 (full 3):
 PSYoungGen      total 445952K, used 190688K [0x000000076cc00000, 0x0000000799700000, 0x00000007c0000000)
  eden space 239616K, 0% used [0x000000076cc00000,0x000000076cc00000,0x000000077b600000)
  from space 206336K, 92% used [0x0000000789a80000,0x00000007954b8000,0x0000000796400000)
  to   space 233984K, 0% used [0x000000077b600000,0x000000077b600000,0x0000000789a80000)
 ParOldGen       total 1079808K, used 559776K [0x00000006c6400000, 0x0000000708280000, 0x000000076cc00000)
  object space 1079808K, 51% used [0x00000006c6400000,0x00000006e86a8108,0x0000000708280000)
 Metaspace       used 2982K, capacity 4564K, committed 4864K, reserved 1056768K
  class space    used 327K, capacity 388K, committed 512K, reserved 1048576K
}
Event: 38.633 GC heap before
{Heap before GC invocations=10 (full 3):
 PSYoungGen      total 445952K, used 430304K [0x000000076cc00000, 0x0000000799700000, 0x00000007c0000000)
  eden space 239616K, 100% used [0x000000076cc00000,0x000000077b600000,0x000000077b600000)
  from space 206336K, 92% used [0x0000000789a80000,0x00000007954b8000,0x0000000796400000)
  to   space 233984K, 0% used [0x000000077b600000,0x000000077b600000,0x0000000789a80000)
 ParOldGen       total 1079808K, used 559776K [0x00000006c6400000, 0x0000000708280000, 0x000000076cc00000)
  object space 1079808K, 51% used [0x00000006c6400000,0x00000006e86a8108,0x0000000708280000)
 Metaspace       used 2982K, capacity 4564K, committed 4864K, reserved 1056768K
  class space    used 327K, capacity 388K, committed 512K, reserved 1048576K
Event: 40.921 GC heap after
Heap after GC invocations=10 (full 3):
 PSYoungGen      total 473600K, used 233984K [0x000000076cc00000, 0x00000007b0380000, 0x00000007c0000000)
  eden space 239616K, 0% used [0x000000076cc00000,0x000000076cc00000,0x000000077b600000)
  from space 233984K, 100% used [0x000000077b600000,0x0000000789a80000,0x0000000789a80000)
  to   space 370688K, 0% used [0x0000000799980000,0x0000000799980000,0x00000007b0380000)
 ParOldGen       total 1079808K, used 756880K [0x00000006c6400000, 0x0000000708280000, 0x000000076cc00000)
  object space 1079808K, 70% used [0x00000006c6400000,0x00000006f4724108,0x0000000708280000)
 Metaspace       used 2982K, capacity 4564K, committed 4864K, reserved 1056768K
  class space    used 327K, capacity 388K, committed 512K, reserved 1048576K
}
Event: 41.101 GC heap before
{Heap before GC invocations=11 (full 3):
 PSYoungGen      total 473600K, used 473600K [0x000000076cc00000, 0x00000007b0380000, 0x00000007c0000000)
  eden space 239616K, 100% used [0x000000076cc00000,0x000000077b600000,0x000000077b600000)
  from space 233984K, 100% used [0x000000077b600000,0x0000000789a80000,0x0000000789a80000)
  to   space 370688K, 0% used [0x0000000799980000,0x0000000799980000,0x00000007b0380000)
 ParOldGen       total 1079808K, used 756880K [0x00000006c6400000, 0x0000000708280000, 0x000000076cc00000)
  object space 1079808K, 70% used [0x00000006c6400000,0x00000006f4724108,0x0000000708280000)
 Metaspace       used 2982K, capacity 4564K, committed 4864K, reserved 1056768K
  class space    used 327K, capacity 388K, committed 512K, reserved 1048576K

