# JRE version: Java(TM) SE Runtime Environment (8.0_91-b14) (build 1.8.0_91-b14)
# Java VM: Java HotSpot(TM) 64-Bit Server VM (25.91-b14 mixed mode linux-amd64 compressed oops)
Heap:
 PSYoungGen      total 463872K, used 230400K [0x000000076cc00000, 0x0000000798a00000, 0x00000007c0000000)
  eden space 233472K, 0% used [0x000000076cc00000,0x000000076cc00000,0x000000077b000000)
  from space 230400K, 100% used [0x000000077b000000,0x0000000789100000,0x0000000789100000)
  to   space 204288K, 0% used [0x0000000789100000,0x0000000789100000,0x0000000795880000)
 ParOldGen       total 1069056K, used 747639K [0x00000006c6400000, 0x0000000707800000, 0x000000076cc00000)
  object space 1069056K, 69% used [0x00000006c6400000,0x00000006f3e1de08,0x0000000707800000)
 Metaspace       used 2982K, capacity 4564K, committed 4864K, reserved 1056768K
  class space    used 327K, capacity 388K, committed 512K, reserved 1048576K
GC Heap History (10 events):
Event: 18.364 GC heap after
Heap after GC invocations=5 (full 2):
 PSYoungGen      total 139264K, used 0K [0x000000076cc00000, 0x0000000779680000, 0x00000007c0000000)
  eden space 129024K, 0% used [0x000000076cc00000,0x000000076cc00000,0x0000000774a00000)
  from space 10240K, 0% used [0x0000000774a00000,0x0000000774a00000,0x0000000775400000)
  to   space 10240K, 0% used [0x0000000778c80000,0x0000000778c80000,0x0000000779680000)
 ParOldGen       total 586240K, used 252578K [0x00000006c6400000, 0x00000006ea080000, 0x000000076cc00000)
  object space 586240K, 43% used [0x00000006c6400000,0x00000006d5aa8878,0x00000006ea080000)
 Metaspace       used 2982K, capacity 4564K, committed 4864K, reserved 1056768K
  class space    used 327K, capacity 388K, committed 512K, reserved 1048576K
}
Event: 18.446 GC heap before
{Heap before GC invocations=6 (full 2):
 PSYoungGen      total 139264K, used 129024K [0x000000076cc00000, 0x0000000779680000, 0x00000007c0000000)
  eden space 129024K, 100% used [0x000000076cc00000,0x0000000774a00000,0x0000000774a00000)
  from space 10240K, 0% used [0x0000000774a00000,0x0000000774a00000,0x0000000775400000)
  to   space 10240K, 0% used [0x0000000778c80000,0x0000000778c80000,0x0000000779680000)
 ParOldGen       total 586240K, used 252578K [0x00000006c6400000, 0x00000006ea080000, 0x000000076cc00000)
  object space 586240K, 43% used [0x00000006c6400000,0x00000006d5aa8878,0x00000006ea080000)
 Metaspace       used 2982K, capacity 4564K, committed 4864K, reserved 1056768K
  class space    used 327K, capacity 388K, committed 512K, reserved 1048576K
Event: 18.999 GC heap after
Heap after GC invocations=6 (full 2):
 PSYoungGen      total 185344K, used 10240K [0x000000076cc00000, 0x0000000779680000, 0x00000007c0000000)
  eden space 175104K, 0% used [0x000000076cc00000,0x000000076cc00000,0x0000000777700000)
  from space 10240K, 100% used [0x0000000778c80000,0x0000000779680000,0x0000000779680000)
  to   space 10240K, 0% used [0x0000000778280000,0x0000000778280000,0x0000000778c80000)
 ParOldGen       total 586240K, used 371858K [0x00000006c6400000, 0x00000006ea080000, 0x000000076cc00000)
  object space 586240K, 63% used [0x00000006c6400000,0x00000006dcf24878,0x00000006ea080000)
 Metaspace       used 2982K, capacity 4564K, committed 4864K, reserved 1056768K
  class space    used 327K, capacity 388K, committed 512K, reserved 1048576K
}
Event: 19.135 GC heap before
{Heap before GC invocations=7 (full 2):
 PSYoungGen      total 185344K, used 185344K [0x000000076cc00000, 0x0000000779680000, 0x00000007c0000000)
  eden space 175104K, 100% used [0x000000076cc00000,0x0000000777700000,0x0000000777700000)
  from space 10240K, 100% used [0x0000000778c80000,0x0000000779680000,0x0000000779680000)
  to   space 10240K, 0% used [0x0000000778280000,0x0000000778280000,0x0000000778c80000)
 ParOldGen       total 586240K, used 371858K [0x00000006c6400000, 0x00000006ea080000, 0x000000076cc00000)
  object space 586240K, 63% used [0x00000006c6400000,0x00000006dcf24878,0x00000006ea080000)
 Metaspace       used 2982K, capacity 4564K, committed 4864K, reserved 1056768K
  class space    used 327K, capacity 388K, committed 512K, reserved 1048576K
Event: 19.963 GC heap after
Heap after GC invocations=7 (full 2):
 PSYoungGen      total 197120K, used 10240K [0x000000076cc00000, 0x0000000795880000, 0x00000007c0000000)
  eden space 186880K, 0% used [0x000000076cc00000,0x000000076cc00000,0x0000000778280000)
  from space 10240K, 100% used [0x0000000778280000,0x0000000778c80000,0x0000000778c80000)
  to   space 204288K, 0% used [0x0000000789100000,0x0000000789100000,0x0000000795880000)
 ParOldGen       total 586240K, used 547666K [0x00000006c6400000, 0x00000006ea080000, 0x000000076cc00000)
  object space 586240K, 93% used [0x00000006c6400000,0x00000006e7ad4878,0x00000006ea080000)
 Metaspace       used 2982K, capacity 4564K, committed 4864K, reserved 1056768K
  class space    used 327K, capacity 388K, committed 512K, reserved 1048576K
}
Event: 19.963 GC heap before
{Heap before GC invocations=8 (full 3):
 PSYoungGen      total 197120K, used 10240K [0x000000076cc00000, 0x0000000795880000, 0x00000007c0000000)
  eden space 186880K, 0% used [0x000000076cc00000,0x000000076cc00000,0x0000000778280000)
  from space 10240K, 100% used [0x0000000778280000,0x0000000778c80000,0x0000000778c80000)
  to   space 204288K, 0% used [0x0000000789100000,0x0000000789100000,0x0000000795880000)
 ParOldGen       total 586240K, used 547666K [0x00000006c6400000, 0x00000006ea080000, 0x000000076cc00000)
  object space 586240K, 93% used [0x00000006c6400000,0x00000006e7ad4878,0x00000006ea080000)
 Metaspace       used 2982K, capacity 4564K, committed 4864K, reserved 1056768K
  class space    used 327K, capacity 388K, committed 512K, reserved 1048576K
Event: 32.779 GC heap after
Heap after GC invocations=8 (full 3):
 PSYoungGen      total 197120K, used 0K [0x000000076cc00000, 0x0000000795880000, 0x00000007c0000000)
  eden space 186880K, 0% used [0x000000076cc00000,0x000000076cc00000,0x0000000778280000)
  from space 10240K, 0% used [0x0000000778280000,0x0000000778280000,0x0000000778c80000)
  to   space 204288K, 0% used [0x0000000789100000,0x0000000789100000,0x0000000795880000)
 ParOldGen       total 1069056K, used 556703K [0x00000006c6400000, 0x0000000707800000, 0x000000076cc00000)
  object space 1069056K, 52% used [0x00000006c6400000,0x00000006e83a7e08,0x0000000707800000)
 Metaspace       used 2982K, capacity 4564K, committed 4864K, reserved 1056768K
  class space    used 327K, capacity 388K, committed 512K, reserved 1048576K
}
Event: 32.968 GC heap before
{Heap before GC invocations=9 (full 3):
 PSYoungGen      total 197120K, used 186880K [0x000000076cc00000, 0x0000000795880000, 0x00000007c0000000)
  eden space 186880K, 100% used [0x000000076cc00000,0x0000000778280000,0x0000000778280000)
  from space 10240K, 0% used [0x0000000778280000,0x0000000778280000,0x0000000778c80000)
  to   space 204288K, 0% used [0x0000000789100000,0x0000000789100000,0x0000000795880000)
 ParOldGen       total 1069056K, used 556703K [0x00000006c6400000, 0x0000000707800000, 0x000000076cc00000)
  object space 1069056K, 52% used [0x00000006c6400000,0x00000006e83a7e08,0x0000000707800000)
 Metaspace       used 2982K, capacity 4564K, committed 4864K, reserved 1056768K
  class space    used 327K, capacity 388K, committed 512K, reserved 1048576K
Event: 34.087 GC heap after
Heap after GC invocations=9 (full 3):
 PSYoungGen      total 437760K, used 187104K [0x000000076cc00000, 0x0000000798a00000, 0x00000007c0000000)
  eden space 233472K, 0% used [0x000000076cc00000,0x000000076cc00000,0x000000077b000000)
  from space 204288K, 91% used [0x0000000789100000,0x00000007947b8000,0x0000000795880000)
  to   space 230400K, 0% used [0x000000077b000000,0x000000077b000000,0x0000000789100000)
 ParOldGen       total 1069056K, used 556703K [0x00000006c6400000, 0x0000000707800000, 0x000000076cc00000)
  object space 1069056K, 52% used [0x00000006c6400000,0x00000006e83a7e08,0x0000000707800000)
 Metaspace       used 2982K, capacity 4564K, committed 4864K, reserved 1056768K
  class space    used 327K, capacity 388K, committed 512K, reserved 1048576K
}
Event: 34.314 GC heap before
{Heap before GC invocations=10 (full 3):
 PSYoungGen      total 437760K, used 420576K [0x000000076cc00000, 0x0000000798a00000, 0x00000007c0000000)
  eden space 233472K, 100% used [0x000000076cc00000,0x000000077b000000,0x000000077b000000)
  from space 204288K, 91% used [0x0000000789100000,0x00000007947b8000,0x0000000795880000)
  to   space 230400K, 0% used [0x000000077b000000,0x000000077b000000,0x0000000789100000)
 ParOldGen       total 1069056K, used 556703K [0x00000006c6400000, 0x0000000707800000, 0x000000076cc00000)
  object space 1069056K, 52% used [0x00000006c6400000,0x00000006e83a7e08,0x0000000707800000)
 Metaspace       used 2982K, capacity 4564K, committed 4864K, reserved 1056768K
  class space    used 327K, capacity 388K, committed 512K, reserved 1048576K

