# JRE version: Java(TM) SE Runtime Environment (8.0_91-b14) (build 1.8.0_91-b14)
# Java VM: Java HotSpot(TM) 64-Bit Server VM (25.91-b14 mixed mode linux-amd64 compressed oops)
Heap:
 PSYoungGen      total 506880K, used 234778K [0x000000076cc00000, 0x00000007b1280000, 0x00000007c0000000)
  eden space 175616K, 0% used [0x000000076cc00000,0x000000076cc00000,0x0000000777780000)
  from space 331264K, 70% used [0x0000000791300000,0x000000079f846a00,0x00000007a5680000)
  to   space 421376K, 0% used [0x0000000777780000,0x0000000777780000,0x0000000791300000)
 ParOldGen       total 985088K, used 984721K [0x00000006c6400000, 0x0000000702600000, 0x000000076cc00000)
  object space 985088K, 99% used [0x00000006c6400000,0x00000007025a47c0,0x0000000702600000)
 Metaspace       used 2735K, capacity 4564K, committed 4864K, reserved 1056768K
  class space    used 292K, capacity 388K, committed 512K, reserved 1048576K
GC Heap History (10 events):
Event: 513.202 GC heap after
Heap after GC invocations=10 (full 3):
 PSYoungGen      total 289792K, used 134144K [0x000000076cc00000, 0x0000000795280000, 0x00000007c0000000)
  eden space 155648K, 0% used [0x000000076cc00000,0x000000076cc00000,0x0000000776400000)
  from space 134144K, 100% used [0x0000000776400000,0x000000077e700000,0x000000077e700000)
  to   space 220160K, 0% used [0x0000000787b80000,0x0000000787b80000,0x0000000795280000)
 ParOldGen       total 629760K, used 520842K [0x00000006c6400000, 0x00000006ecb00000, 0x000000076cc00000)
  object space 629760K, 82% used [0x00000006c6400000,0x00000006e60a2b40,0x00000006ecb00000)
 Metaspace       used 2735K, capacity 4564K, committed 4864K, reserved 1056768K
  class space    used 292K, capacity 388K, committed 512K, reserved 1048576K
}
Event: 513.202 GC heap before
{Heap before GC invocations=11 (full 4):
 PSYoungGen      total 289792K, used 134144K [0x000000076cc00000, 0x0000000795280000, 0x00000007c0000000)
  eden space 155648K, 0% used [0x000000076cc00000,0x000000076cc00000,0x0000000776400000)
  from space 134144K, 100% used [0x0000000776400000,0x000000077e700000,0x000000077e700000)
  to   space 220160K, 0% used [0x0000000787b80000,0x0000000787b80000,0x0000000795280000)
 ParOldGen       total 629760K, used 520842K [0x00000006c6400000, 0x00000006ecb00000, 0x000000076cc00000)
  object space 629760K, 82% used [0x00000006c6400000,0x00000006e60a2b40,0x00000006ecb00000)
 Metaspace       used 2735K, capacity 4564K, committed 4864K, reserved 1056768K
  class space    used 292K, capacity 388K, committed 512K, reserved 1048576K
Event: 544.617 GC heap after
Heap after GC invocations=11 (full 4):
 PSYoungGen      total 289792K, used 24552K [0x000000076cc00000, 0x0000000795280000, 0x00000007c0000000)
  eden space 155648K, 0% used [0x000000076cc00000,0x000000076cc00000,0x0000000776400000)
  from space 134144K, 18% used [0x0000000776400000,0x0000000777bfa000,0x000000077e700000)
  to   space 220160K, 0% used [0x0000000787b80000,0x0000000787b80000,0x0000000795280000)
 ParOldGen       total 985088K, used 629704K [0x00000006c6400000, 0x0000000702600000, 0x000000076cc00000)
  object space 985088K, 63% used [0x00000006c6400000,0x00000006ecaf21a0,0x0000000702600000)
 Metaspace       used 2735K, capacity 4564K, committed 4864K, reserved 1056768K
  class space    used 292K, capacity 388K, committed 512K, reserved 1048576K
}
Event: 545.140 GC heap before
{Heap before GC invocations=12 (full 4):
 PSYoungGen      total 289792K, used 180200K [0x000000076cc00000, 0x0000000795280000, 0x00000007c0000000)
  eden space 155648K, 100% used [0x000000076cc00000,0x0000000776400000,0x0000000776400000)
  from space 134144K, 18% used [0x0000000776400000,0x0000000777bfa000,0x000000077e700000)
  to   space 220160K, 0% used [0x0000000787b80000,0x0000000787b80000,0x0000000795280000)
 ParOldGen       total 985088K, used 629704K [0x00000006c6400000, 0x0000000702600000, 0x000000076cc00000)
  object space 985088K, 63% used [0x00000006c6400000,0x00000006ecaf21a0,0x0000000702600000)
 Metaspace       used 2735K, capacity 4564K, committed 4864K, reserved 1056768K
  class space    used 292K, capacity 388K, committed 512K, reserved 1048576K
Event: 550.081 GC heap after
Heap after GC invocations=12 (full 4):
 PSYoungGen      total 424960K, used 180448K [0x000000076cc00000, 0x0000000796880000, 0x00000007c0000000)
  eden space 204800K, 0% used [0x000000076cc00000,0x000000076cc00000,0x0000000779400000)
  from space 220160K, 81% used [0x0000000787b80000,0x0000000792bb8000,0x0000000795280000)
  to   space 237056K, 0% used [0x0000000779400000,0x0000000779400000,0x0000000787b80000)
 ParOldGen       total 985088K, used 629704K [0x00000006c6400000, 0x0000000702600000, 0x000000076cc00000)
  object space 985088K, 63% used [0x00000006c6400000,0x00000006ecaf21a0,0x0000000702600000)
 Metaspace       used 2735K, capacity 4564K, committed 4864K, reserved 1056768K
  class space    used 292K, capacity 388K, committed 512K, reserved 1048576K
}
Event: 550.571 GC heap before
{Heap before GC invocations=13 (full 4):
 PSYoungGen      total 424960K, used 385248K [0x000000076cc00000, 0x0000000796880000, 0x00000007c0000000)
  eden space 204800K, 100% used [0x000000076cc00000,0x0000000779400000,0x0000000779400000)
  from space 220160K, 81% used [0x0000000787b80000,0x0000000792bb8000,0x0000000795280000)
  to   space 237056K, 0% used [0x0000000779400000,0x0000000779400000,0x0000000787b80000)
 ParOldGen       total 985088K, used 629704K [0x00000006c6400000, 0x0000000702600000, 0x000000076cc00000)
  object space 985088K, 63% used [0x00000006c6400000,0x00000006ecaf21a0,0x0000000702600000)
 Metaspace       used 2735K, capacity 4564K, committed 4864K, reserved 1056768K
  class space    used 292K, capacity 388K, committed 512K, reserved 1048576K
Event: 556.323 GC heap after
Heap after GC invocations=13 (full 4):
 PSYoungGen      total 441856K, used 237056K [0x000000076cc00000, 0x00000007a5680000, 0x00000007c0000000)
  eden space 204800K, 0% used [0x000000076cc00000,0x000000076cc00000,0x0000000779400000)
  from space 237056K, 100% used [0x0000000779400000,0x0000000787b80000,0x0000000787b80000)
  to   space 331264K, 0% used [0x0000000791300000,0x0000000791300000,0x00000007a5680000)
 ParOldGen       total 985088K, used 778464K [0x00000006c6400000, 0x0000000702600000, 0x000000076cc00000)
  object space 985088K, 79% used [0x00000006c6400000,0x00000006f5c381a0,0x0000000702600000)
 Metaspace       used 2735K, capacity 4564K, committed 4864K, reserved 1056768K
  class space    used 292K, capacity 388K, committed 512K, reserved 1048576K
}
Event: 556.979 GC heap before
{Heap before GC invocations=14 (full 4):
 PSYoungGen      total 441856K, used 441856K [0x000000076cc00000, 0x00000007a5680000, 0x00000007c0000000)
  eden space 204800K, 100% used [0x000000076cc00000,0x0000000779400000,0x0000000779400000)
  from space 237056K, 100% used [0x0000000779400000,0x0000000787b80000,0x0000000787b80000)
  to   space 331264K, 0% used [0x0000000791300000,0x0000000791300000,0x00000007a5680000)
 ParOldGen       total 985088K, used 778464K [0x00000006c6400000, 0x0000000702600000, 0x000000076cc00000)
  object space 985088K, 79% used [0x00000006c6400000,0x00000006f5c381a0,0x0000000702600000)
 Metaspace       used 2735K, capacity 4564K, committed 4864K, reserved 1056768K
  class space    used 292K, capacity 388K, committed 512K, reserved 1048576K
Event: 562.744 GC heap after
Heap after GC invocations=14 (full 4):
 PSYoungGen      total 506880K, used 331264K [0x000000076cc00000, 0x00000007b1280000, 0x00000007c0000000)
  eden space 175616K, 0% used [0x000000076cc00000,0x000000076cc00000,0x0000000777780000)
  from space 331264K, 100% used [0x0000000791300000,0x00000007a5680000,0x00000007a5680000)
  to   space 421376K, 0% used [0x0000000777780000,0x0000000777780000,0x0000000791300000)
 ParOldGen       total 985088K, used 889592K [0x00000006c6400000, 0x0000000702600000, 0x000000076cc00000)
  object space 985088K, 90% used [0x00000006c6400000,0x00000006fc8be1a0,0x0000000702600000)
 Metaspace       used 2735K, capacity 4564K, committed 4864K, reserved 1056768K
  class space    used 292K, capacity 388K, committed 512K, reserved 1048576K
}
Event: 562.744 GC heap before
{Heap before GC invocations=15 (full 5):
 PSYoungGen      total 506880K, used 331264K [0x000000076cc00000, 0x00000007b1280000, 0x00000007c0000000)
  eden space 175616K, 0% used [0x000000076cc00000,0x000000076cc00000,0x0000000777780000)
  from space 331264K, 100% used [0x0000000791300000,0x00000007a5680000,0x00000007a5680000)
  to   space 421376K, 0% used [0x0000000777780000,0x0000000777780000,0x0000000791300000)
 ParOldGen       total 985088K, used 889592K [0x00000006c6400000, 0x0000000702600000, 0x000000076cc00000)
  object space 985088K, 90% used [0x00000006c6400000,0x00000006fc8be1a0,0x0000000702600000)
 Metaspace       used 2735K, capacity 4564K, committed 4864K, reserved 1056768K
  class space    used 292K, capacity 388K, committed 512K, reserved 1048576K

