# JRE version: Java(TM) SE Runtime Environment (8.0_91-b14) (build 1.8.0_91-b14)
# Java VM: Java HotSpot(TM) 64-Bit Server VM (25.91-b14 mixed mode linux-amd64 compressed oops)
Heap:
 PSYoungGen      total 736256K, used 407665K [0x000000076cc00000, 0x00000007bc780000, 0x00000007c0000000)
  eden space 281600K, 0% used [0x000000076cc00000,0x000000076cc00000,0x000000077df00000)
  from space 454656K, 89% used [0x000000077df00000,0x0000000796d1c600,0x0000000799b00000)
  to   space 454656K, 0% used [0x00000007a0b80000,0x00000007a0b80000,0x00000007bc780000)
 ParOldGen       total 1106944K, used 1106474K [0x00000006c6400000, 0x0000000709d00000, 0x000000076cc00000)
  object space 1106944K, 99% used [0x00000006c6400000,0x0000000709c8aa88,0x0000000709d00000)
 Metaspace       used 2982K, capacity 4564K, committed 4864K, reserved 1056768K
  class space    used 327K, capacity 388K, committed 512K, reserved 1048576K
GC Heap History (10 events):
Event: 65.271 GC heap after
Heap after GC invocations=8 (full 3):
 PSYoungGen      total 202240K, used 0K [0x000000076cc00000, 0x0000000796600000, 0x00000007c0000000)
  eden space 192000K, 0% used [0x000000076cc00000,0x000000076cc00000,0x0000000778780000)
  from space 10240K, 0% used [0x0000000778780000,0x0000000778780000,0x0000000779180000)
  to   space 206848K, 0% used [0x0000000789c00000,0x0000000789c00000,0x0000000796600000)
 ParOldGen       total 1106944K, used 560288K [0x00000006c6400000, 0x0000000709d00000, 0x000000076cc00000)
  object space 1106944K, 50% used [0x00000006c6400000,0x00000006e87283a8,0x0000000709d00000)
 Metaspace       used 2982K, capacity 4564K, committed 4864K, reserved 1056768K
  class space    used 327K, capacity 388K, committed 512K, reserved 1048576K
}
Event: 65.606 GC heap before
{Heap before GC invocations=9 (full 3):
 PSYoungGen      total 202240K, used 192000K [0x000000076cc00000, 0x0000000796600000, 0x00000007c0000000)
  eden space 192000K, 100% used [0x000000076cc00000,0x0000000778780000,0x0000000778780000)
  from space 10240K, 0% used [0x0000000778780000,0x0000000778780000,0x0000000779180000)
  to   space 206848K, 0% used [0x0000000789c00000,0x0000000789c00000,0x0000000796600000)
 ParOldGen       total 1106944K, used 560288K [0x00000006c6400000, 0x0000000709d00000, 0x000000076cc00000)
  object space 1106944K, 50% used [0x00000006c6400000,0x00000006e87283a8,0x0000000709d00000)
 Metaspace       used 2982K, capacity 4564K, committed 4864K, reserved 1056768K
  class space    used 327K, capacity 388K, committed 512K, reserved 1048576K
Event: 67.440 GC heap after
Heap after GC invocations=9 (full 3):
 PSYoungGen      total 446976K, used 192224K [0x000000076cc00000, 0x0000000799c00000, 0x00000007c0000000)
  eden space 240128K, 0% used [0x000000076cc00000,0x000000076cc00000,0x000000077b680000)
  from space 206848K, 92% used [0x0000000789c00000,0x00000007957b8000,0x0000000796600000)
  to   space 235008K, 0% used [0x000000077b680000,0x000000077b680000,0x0000000789c00000)
 ParOldGen       total 1106944K, used 560288K [0x00000006c6400000, 0x0000000709d00000, 0x000000076cc00000)
  object space 1106944K, 50% used [0x00000006c6400000,0x00000006e87283a8,0x0000000709d00000)
 Metaspace       used 2982K, capacity 4564K, committed 4864K, reserved 1056768K
  class space    used 327K, capacity 388K, committed 512K, reserved 1048576K
}
Event: 67.991 GC heap before
{Heap before GC invocations=10 (full 3):
 PSYoungGen      total 446976K, used 432352K [0x000000076cc00000, 0x0000000799c00000, 0x00000007c0000000)
  eden space 240128K, 100% used [0x000000076cc00000,0x000000077b680000,0x000000077b680000)
  from space 206848K, 92% used [0x0000000789c00000,0x00000007957b8000,0x0000000796600000)
  to   space 235008K, 0% used [0x000000077b680000,0x000000077b680000,0x0000000789c00000)
 ParOldGen       total 1106944K, used 560288K [0x00000006c6400000, 0x0000000709d00000, 0x000000076cc00000)
  object space 1106944K, 50% used [0x00000006c6400000,0x00000006e87283a8,0x0000000709d00000)
 Metaspace       used 2982K, capacity 4564K, committed 4864K, reserved 1056768K
  class space    used 327K, capacity 388K, committed 512K, reserved 1048576K
Event: 72.185 GC heap after
Heap after GC invocations=10 (full 3):
 PSYoungGen      total 475136K, used 235008K [0x000000076cc00000, 0x00000007b0700000, 0x00000007c0000000)
  eden space 240128K, 0% used [0x000000076cc00000,0x000000076cc00000,0x000000077b680000)
  from space 235008K, 100% used [0x000000077b680000,0x0000000789c00000,0x0000000789c00000)
  to   space 372736K, 0% used [0x0000000799b00000,0x0000000799b00000,0x00000007b0700000)
 ParOldGen       total 1106944K, used 758424K [0x00000006c6400000, 0x0000000709d00000, 0x000000076cc00000)
  object space 1106944K, 68% used [0x00000006c6400000,0x00000006f48a63a8,0x0000000709d00000)
 Metaspace       used 2982K, capacity 4564K, committed 4864K, reserved 1056768K
  class space    used 327K, capacity 388K, committed 512K, reserved 1048576K
}
Event: 72.554 GC heap before
{Heap before GC invocations=11 (full 3):
 PSYoungGen      total 475136K, used 475136K [0x000000076cc00000, 0x00000007b0700000, 0x00000007c0000000)
  eden space 240128K, 100% used [0x000000076cc00000,0x000000077b680000,0x000000077b680000)
  from space 235008K, 100% used [0x000000077b680000,0x0000000789c00000,0x0000000789c00000)
  to   space 372736K, 0% used [0x0000000799b00000,0x0000000799b00000,0x00000007b0700000)
 ParOldGen       total 1106944K, used 758424K [0x00000006c6400000, 0x0000000709d00000, 0x000000076cc00000)
  object space 1106944K, 68% used [0x00000006c6400000,0x00000006f48a63a8,0x0000000709d00000)
 Metaspace       used 2982K, capacity 4564K, committed 4864K, reserved 1056768K
  class space    used 327K, capacity 388K, committed 512K, reserved 1048576K
Event: 76.500 GC heap after
Heap after GC invocations=11 (full 3):
 PSYoungGen      total 654336K, used 372736K [0x000000076cc00000, 0x00000007bbe80000, 0x00000007c0000000)
  eden space 281600K, 0% used [0x000000076cc00000,0x000000076cc00000,0x000000077df00000)
  from space 372736K, 100% used [0x0000000799b00000,0x00000007b0700000,0x00000007b0700000)
  to   space 454656K, 0% used [0x000000077df00000,0x000000077df00000,0x0000000799b00000)
 ParOldGen       total 1106944K, used 861376K [0x00000006c6400000, 0x0000000709d00000, 0x000000076cc00000)
  object space 1106944K, 77% used [0x00000006c6400000,0x00000006fad303a8,0x0000000709d00000)
 Metaspace       used 2982K, capacity 4564K, committed 4864K, reserved 1056768K
  class space    used 327K, capacity 388K, committed 512K, reserved 1048576K
}
Event: 77.113 GC heap before
{Heap before GC invocations=12 (full 3):
 PSYoungGen      total 654336K, used 654336K [0x000000076cc00000, 0x00000007bbe80000, 0x00000007c0000000)
  eden space 281600K, 100% used [0x000000076cc00000,0x000000077df00000,0x000000077df00000)
  from space 372736K, 100% used [0x0000000799b00000,0x00000007b0700000,0x00000007b0700000)
  to   space 454656K, 0% used [0x000000077df00000,0x000000077df00000,0x0000000799b00000)
 ParOldGen       total 1106944K, used 861376K [0x00000006c6400000, 0x0000000709d00000, 0x000000076cc00000)
  object space 1106944K, 77% used [0x00000006c6400000,0x00000006fad303a8,0x0000000709d00000)
 Metaspace       used 2982K, capacity 4564K, committed 4864K, reserved 1056768K
  class space    used 327K, capacity 388K, committed 512K, reserved 1048576K
Event: 81.586 GC heap after
Heap after GC invocations=12 (full 3):
 PSYoungGen      total 736256K, used 454656K [0x000000076cc00000, 0x00000007bc780000, 0x00000007c0000000)
  eden space 281600K, 0% used [0x000000076cc00000,0x000000076cc00000,0x000000077df00000)
  from space 454656K, 100% used [0x000000077df00000,0x0000000799b00000,0x0000000799b00000)
  to   space 454656K, 0% used [0x00000007a0b80000,0x00000007a0b80000,0x00000007bc780000)
 ParOldGen       total 1106944K, used 1061936K [0x00000006c6400000, 0x0000000709d00000, 0x000000076cc00000)
  object space 1106944K, 95% used [0x00000006c6400000,0x000000070710c3a8,0x0000000709d00000)
 Metaspace       used 2982K, capacity 4564K, committed 4864K, reserved 1056768K
  class space    used 327K, capacity 388K, committed 512K, reserved 1048576K
}
Event: 81.586 GC heap before
{Heap before GC invocations=13 (full 4):
 PSYoungGen      total 736256K, used 454656K [0x000000076cc00000, 0x00000007bc780000, 0x00000007c0000000)
  eden space 281600K, 0% used [0x000000076cc00000,0x000000076cc00000,0x000000077df00000)
  from space 454656K, 100% used [0x000000077df00000,0x0000000799b00000,0x0000000799b00000)
  to   space 454656K, 0% used [0x00000007a0b80000,0x00000007a0b80000,0x00000007bc780000)
 ParOldGen       total 1106944K, used 1061936K [0x00000006c6400000, 0x0000000709d00000, 0x000000076cc00000)
  object space 1106944K, 95% used [0x00000006c6400000,0x000000070710c3a8,0x0000000709d00000)
 Metaspace       used 2982K, capacity 4564K, committed 4864K, reserved 1056768K
  class space    used 327K, capacity 388K, committed 512K, reserved 1048576K

